<?xml version="1.0" encoding="UTF-8"?>
<testng-results ignored="0" total="1" passed="1" failed="0" skipped="0">
  <reporter-output>
  </reporter-output>
  <suite started-at="2025-02-01T17:04:54 IST" name="Suite" finished-at="2025-02-01T17:04:59 IST" duration-ms="4923">
    <groups>
    </groups>
    <test started-at="2025-02-01T17:04:54 IST" name="Test" finished-at="2025-02-01T17:04:59 IST" duration-ms="4923">
      <class name="restassured1.TestGetMethod">
        <test-method signature="pallavimethod()[pri:0, instance:restassured1.TestGetMethod@96def03]" started-at="2025-02-01T17:04:54 IST" name="pallavimethod" finished-at="2025-02-01T17:04:59 IST" duration-ms="4823" status="PASS">
          <reporter-output>
          </reporter-output>
        </test-method> <!-- pallavimethod -->
      </class> <!-- restassured1.TestGetMethod -->
    </test> <!-- Test -->
  </suite> <!-- Suite -->
</testng-results>
